README updated at Fri May 23 14:23:55 UTC 2025
README updated at Fri May 23 15:25:47 UTC 2025
README updated at Fri May 23 16:30:27 UTC 2025
README updated at Fri May 23 17:22:03 UTC 2025
README updated at Fri May 23 18:32:47 UTC 2025
README updated at Fri May 23 19:19:08 UTC 2025
README updated at Fri May 23 20:26:43 UTC 2025
README updated at Fri May 23 21:20:26 UTC 2025
README updated at Fri May 23 22:23:41 UTC 2025
README updated at Fri May 23 23:23:02 UTC 2025
README updated at Sat May 24 01:56:38 UTC 2025
README updated at Sat May 24 03:10:31 UTC 2025
README updated at Sat May 24 04:28:18 UTC 2025
README updated at Sat May 24 05:23:15 UTC 2025
README updated at Sat May 24 06:32:01 UTC 2025
README updated at Sat May 24 07:21:38 UTC 2025
README updated at Sat May 24 08:28:31 UTC 2025
README updated at Sat May 24 09:23:09 UTC 2025
README updated at Sat May 24 10:24:13 UTC 2025
README updated at Sat May 24 11:18:23 UTC 2025
README updated at Sat May 24 12:45:39 UTC 2025
README updated at Sat May 24 13:30:26 UTC 2025
README updated at Sat May 24 14:20:20 UTC 2025
README updated at Sat May 24 15:22:52 UTC 2025
README updated at Sat May 24 16:28:26 UTC 2025
README updated at Sat May 24 17:20:23 UTC 2025
README updated at Sat May 24 18:31:17 UTC 2025
README updated at Sat May 24 19:17:53 UTC 2025
README updated at Sat May 24 20:25:04 UTC 2025
README updated at Sat May 24 21:21:02 UTC 2025
README updated at Sat May 24 22:22:32 UTC 2025
README updated at Sat May 24 23:22:14 UTC 2025
README updated at Sun May 25 02:10:14 UTC 2025
README updated at Sun May 25 03:49:51 UTC 2025
README updated at Sun May 25 04:31:09 UTC 2025
README updated at Sun May 25 05:23:25 UTC 2025
README updated at Sun May 25 06:32:46 UTC 2025
README updated at Sun May 25 07:21:33 UTC 2025
README updated at Sun May 25 08:29:39 UTC 2025
README updated at Sun May 25 09:22:56 UTC 2025
README updated at Sun May 25 10:24:28 UTC 2025
README updated at Sun May 25 11:18:12 UTC 2025
README updated at Sun May 25 12:46:47 UTC 2025
README updated at Sun May 25 13:29:29 UTC 2025
README updated at Sun May 25 14:21:39 UTC 2025
README updated at Sun May 25 15:23:15 UTC 2025
README updated at Sun May 25 16:29:13 UTC 2025
README updated at Sun May 25 17:19:09 UTC 2025
README updated at Sun May 25 18:31:14 UTC 2025
README updated at Sun May 25 19:17:51 UTC 2025
README updated at Sun May 25 20:25:14 UTC 2025
README updated at Sun May 25 21:21:35 UTC 2025
README updated at Sun May 25 22:23:29 UTC 2025
README updated at Sun May 25 23:22:16 UTC 2025
README updated at Mon May 26 02:04:56 UTC 2025
README updated at Mon May 26 03:48:36 UTC 2025
README updated at Mon May 26 04:31:33 UTC 2025
README updated at Mon May 26 05:26:03 UTC 2025
README updated at Mon May 26 06:37:00 UTC 2025
README updated at Mon May 26 07:33:41 UTC 2025
README updated at Mon May 26 08:50:33 UTC 2025
README updated at Mon May 26 09:50:37 UTC 2025
README updated at Mon May 26 10:29:21 UTC 2025
README updated at Mon May 26 11:19:10 UTC 2025
README updated at Mon May 26 12:50:14 UTC 2025
README updated at Mon May 26 13:33:21 UTC 2025
README updated at Mon May 26 14:25:06 UTC 2025
README updated at Mon May 26 15:26:16 UTC 2025
README updated at Mon May 26 16:29:58 UTC 2025
README updated at Mon May 26 17:20:49 UTC 2025
README updated at Mon May 26 18:33:02 UTC 2025
README updated at Mon May 26 19:19:15 UTC 2025
README updated at Mon May 26 20:26:29 UTC 2025
README updated at Mon May 26 21:21:50 UTC 2025
README updated at Mon May 26 22:23:21 UTC 2025
README updated at Mon May 26 23:22:34 UTC 2025
README updated at Tue May 27 02:00:14 UTC 2025
README updated at Tue May 27 03:15:46 UTC 2025
README updated at Tue May 27 04:31:25 UTC 2025
README updated at Tue May 27 05:24:54 UTC 2025
README updated at Tue May 27 06:35:15 UTC 2025
README updated at Tue May 27 07:24:58 UTC 2025
README updated at Tue May 27 08:33:12 UTC 2025
README updated at Tue May 27 09:26:36 UTC 2025
README updated at Tue May 27 10:28:09 UTC 2025
README updated at Tue May 27 11:21:02 UTC 2025
README updated at Tue May 27 12:52:57 UTC 2025
README updated at Tue May 27 13:36:17 UTC 2025
README updated at Tue May 27 14:25:17 UTC 2025
README updated at Tue May 27 15:27:37 UTC 2025
README updated at Tue May 27 16:31:47 UTC 2025
README updated at Tue May 27 17:22:24 UTC 2025
README updated at Tue May 27 18:33:54 UTC 2025
README updated at Tue May 27 19:19:36 UTC 2025
README updated at Tue May 27 20:27:20 UTC 2025
README updated at Tue May 27 21:24:07 UTC 2025
README updated at Tue May 27 22:23:55 UTC 2025
README updated at Tue May 27 23:22:36 UTC 2025
README updated at Wed May 28 02:02:13 UTC 2025
README updated at Wed May 28 03:46:27 UTC 2025
README updated at Wed May 28 04:30:54 UTC 2025
README updated at Wed May 28 05:25:06 UTC 2025
README updated at Wed May 28 06:35:31 UTC 2025
README updated at Wed May 28 07:24:35 UTC 2025
README updated at Wed May 28 08:33:23 UTC 2025
README updated at Wed May 28 09:27:11 UTC 2025
README updated at Wed May 28 10:27:58 UTC 2025
README updated at Wed May 28 11:21:44 UTC 2025
README updated at Wed May 28 12:52:42 UTC 2025
README updated at Wed May 28 13:36:51 UTC 2025
README updated at Wed May 28 14:26:24 UTC 2025
README updated at Wed May 28 15:26:36 UTC 2025
README updated at Wed May 28 16:30:47 UTC 2025
README updated at Wed May 28 17:22:33 UTC 2025
README updated at Wed May 28 18:33:48 UTC 2025
README updated at Wed May 28 19:20:11 UTC 2025
README updated at Wed May 28 20:27:34 UTC 2025
README updated at Wed May 28 21:22:45 UTC 2025
README updated at Wed May 28 22:23:57 UTC 2025
README updated at Wed May 28 23:23:12 UTC 2025
README updated at Thu May 29 02:01:58 UTC 2025
README updated at Thu May 29 03:47:57 UTC 2025
README updated at Thu May 29 04:31:33 UTC 2025
README updated at Thu May 29 05:25:45 UTC 2025
README updated at Thu May 29 06:36:13 UTC 2025
README updated at Thu May 29 07:24:41 UTC 2025
README updated at Thu May 29 08:33:08 UTC 2025
README updated at Thu May 29 09:27:05 UTC 2025
README updated at Thu May 29 10:28:31 UTC 2025
README updated at Thu May 29 11:21:05 UTC 2025
README updated at Thu May 29 12:51:32 UTC 2025
README updated at Thu May 29 13:34:40 UTC 2025
README updated at Thu May 29 14:24:31 UTC 2025
README updated at Thu May 29 15:26:29 UTC 2025
README updated at Thu May 29 16:31:40 UTC 2025
README updated at Thu May 29 17:22:39 UTC 2025
README updated at Thu May 29 18:35:04 UTC 2025
README updated at Thu May 29 19:17:51 UTC 2025
README updated at Thu May 29 20:27:28 UTC 2025
README updated at Thu May 29 21:22:51 UTC 2025
README updated at Thu May 29 22:24:07 UTC 2025
README updated at Thu May 29 23:22:39 UTC 2025
README updated at Fri May 30 01:59:43 UTC 2025
README updated at Fri May 30 03:16:01 UTC 2025
README updated at Fri May 30 04:31:11 UTC 2025
README updated at Fri May 30 05:25:00 UTC 2025
README updated at Fri May 30 06:34:55 UTC 2025
README updated at Fri May 30 07:23:43 UTC 2025
README updated at Fri May 30 08:32:43 UTC 2025
README updated at Fri May 30 09:26:26 UTC 2025
README updated at Fri May 30 10:26:27 UTC 2025
README updated at Fri May 30 11:20:02 UTC 2025
README updated at Fri May 30 12:51:35 UTC 2025
README updated at Fri May 30 13:34:20 UTC 2025
README updated at Fri May 30 14:25:10 UTC 2025
README updated at Fri May 30 15:26:25 UTC 2025
README updated at Fri May 30 16:31:12 UTC 2025
README updated at Fri May 30 17:21:48 UTC 2025
README updated at Fri May 30 18:34:06 UTC 2025
README updated at Fri May 30 19:19:22 UTC 2025
README updated at Fri May 30 20:26:57 UTC 2025
README updated at Fri May 30 21:21:56 UTC 2025
README updated at Fri May 30 22:23:44 UTC 2025
README updated at Fri May 30 23:22:40 UTC 2025
README updated at Sat May 31 01:59:10 UTC 2025
README updated at Sat May 31 03:14:46 UTC 2025
README updated at Sat May 31 04:29:14 UTC 2025
README updated at Sat May 31 05:23:45 UTC 2025
README updated at Sat May 31 06:32:51 UTC 2025
README updated at Sat May 31 07:22:03 UTC 2025
README updated at Sat May 31 08:29:56 UTC 2025
README updated at Sat May 31 09:24:09 UTC 2025
README updated at Sat May 31 10:24:42 UTC 2025
README updated at Sat May 31 11:18:39 UTC 2025
README updated at Sat May 31 12:47:17 UTC 2025
README updated at Sat May 31 13:31:50 UTC 2025
README updated at Sat May 31 14:20:55 UTC 2025
README updated at Sat May 31 15:23:17 UTC 2025
README updated at Sat May 31 16:28:42 UTC 2025
README updated at Sat May 31 17:19:47 UTC 2025
README updated at Sat May 31 18:32:02 UTC 2025
README updated at Sat May 31 19:17:52 UTC 2025
README updated at Sat May 31 20:24:56 UTC 2025
README updated at Sat May 31 21:21:05 UTC 2025
README updated at Sat May 31 22:22:43 UTC 2025
README updated at Sat May 31 23:23:18 UTC 2025
README updated at Sun Jun  1 02:26:56 UTC 2025
README updated at Sun Jun  1 04:01:15 UTC 2025
README updated at Sun Jun  1 05:24:33 UTC 2025
README updated at Sun Jun  1 06:34:11 UTC 2025
README updated at Sun Jun  1 07:23:17 UTC 2025
README updated at Sun Jun  1 08:30:13 UTC 2025
README updated at Sun Jun  1 09:24:43 UTC 2025
README updated at Sun Jun  1 10:25:37 UTC 2025
README updated at Sun Jun  1 11:19:04 UTC 2025
README updated at Sun Jun  1 12:48:23 UTC 2025
README updated at Sun Jun  1 13:30:45 UTC 2025
README updated at Sun Jun  1 14:21:35 UTC 2025
README updated at Sun Jun  1 15:23:43 UTC 2025
README updated at Sun Jun  1 16:29:18 UTC 2025
README updated at Sun Jun  1 17:20:33 UTC 2025
README updated at Sun Jun  1 18:32:04 UTC 2025
README updated at Sun Jun  1 19:18:37 UTC 2025
README updated at Sun Jun  1 20:26:00 UTC 2025
README updated at Sun Jun  1 21:21:47 UTC 2025
README updated at Sun Jun  1 22:23:14 UTC 2025
README updated at Sun Jun  1 23:23:08 UTC 2025
README updated at Mon Jun  2 02:07:24 UTC 2025
README updated at Mon Jun  2 03:53:43 UTC 2025
README updated at Mon Jun  2 04:35:10 UTC 2025
README updated at Mon Jun  2 05:26:13 UTC 2025
README updated at Mon Jun  2 06:37:35 UTC 2025
README updated at Mon Jun  2 07:25:27 UTC 2025
README updated at Mon Jun  2 08:34:32 UTC 2025
README updated at Mon Jun  2 09:28:01 UTC 2025
README updated at Mon Jun  2 10:28:17 UTC 2025
README updated at Mon Jun  2 11:22:05 UTC 2025
README updated at Mon Jun  2 12:52:55 UTC 2025
README updated at Mon Jun  2 13:36:30 UTC 2025
README updated at Mon Jun  2 14:26:11 UTC 2025
README updated at Mon Jun  2 15:28:17 UTC 2025
README updated at Mon Jun  2 16:32:58 UTC 2025
README updated at Mon Jun  2 17:22:38 UTC 2025
README updated at Mon Jun  2 18:34:50 UTC 2025
README updated at Mon Jun  2 19:19:38 UTC 2025
README updated at Mon Jun  2 20:27:31 UTC 2025
README updated at Mon Jun  2 21:25:35 UTC 2025
README updated at Mon Jun  2 22:24:22 UTC 2025
README updated at Mon Jun  2 23:25:13 UTC 2025
README updated at Tue Jun  3 02:03:59 UTC 2025
README updated at Tue Jun  3 03:49:07 UTC 2025
README updated at Tue Jun  3 04:32:07 UTC 2025
README updated at Tue Jun  3 05:25:56 UTC 2025
README updated at Tue Jun  3 06:37:41 UTC 2025
README updated at Tue Jun  3 07:25:57 UTC 2025
README updated at Tue Jun  3 08:34:47 UTC 2025
README updated at Tue Jun  3 09:27:29 UTC 2025
README updated at Tue Jun  3 10:28:35 UTC 2025
README updated at Tue Jun  3 11:21:45 UTC 2025
README updated at Tue Jun  3 12:53:42 UTC 2025
README updated at Tue Jun  3 13:37:29 UTC 2025
README updated at Tue Jun  3 14:26:29 UTC 2025
README updated at Tue Jun  3 15:28:52 UTC 2025
README updated at Tue Jun  3 16:33:55 UTC 2025
README updated at Tue Jun  3 17:23:59 UTC 2025
README updated at Tue Jun  3 18:35:39 UTC 2025
README updated at Tue Jun  3 19:19:46 UTC 2025
README updated at Tue Jun  3 20:28:10 UTC 2025
README updated at Tue Jun  3 21:22:13 UTC 2025
README updated at Tue Jun  3 22:24:34 UTC 2025
README updated at Tue Jun  3 23:23:31 UTC 2025
README updated at Wed Jun  4 02:03:55 UTC 2025
README updated at Wed Jun  4 03:49:18 UTC 2025
README updated at Wed Jun  4 04:32:31 UTC 2025
README updated at Wed Jun  4 05:25:29 UTC 2025
README updated at Wed Jun  4 06:36:15 UTC 2025
README updated at Wed Jun  4 07:25:02 UTC 2025
README updated at Wed Jun  4 08:34:02 UTC 2025
README updated at Wed Jun  4 09:27:21 UTC 2025
README updated at Wed Jun  4 10:27:42 UTC 2025
README updated at Wed Jun  4 11:22:15 UTC 2025
README updated at Wed Jun  4 12:53:35 UTC 2025
README updated at Wed Jun  4 13:38:34 UTC 2025
README updated at Wed Jun  4 14:21:07 UTC 2025
README updated at Wed Jun  4 15:46:59 UTC 2025
README updated at Wed Jun  4 16:27:16 UTC 2025
README updated at Wed Jun  4 17:23:12 UTC 2025
README updated at Wed Jun  4 18:35:05 UTC 2025
README updated at Wed Jun  4 19:19:56 UTC 2025
README updated at Wed Jun  4 20:21:54 UTC 2025
README updated at Wed Jun  4 21:19:32 UTC 2025
README updated at Wed Jun  4 22:21:19 UTC 2025
README updated at Wed Jun  4 23:23:56 UTC 2025
README updated at Thu Jun  5 02:02:56 UTC 2025
README updated at Thu Jun  5 03:50:04 UTC 2025
README updated at Thu Jun  5 04:33:01 UTC 2025
README updated at Thu Jun  5 05:25:48 UTC 2025
README updated at Thu Jun  5 06:37:14 UTC 2025
README updated at Thu Jun  5 07:24:21 UTC 2025
README updated at Thu Jun  5 08:33:07 UTC 2025
README updated at Thu Jun  5 09:27:16 UTC 2025
README updated at Thu Jun  5 10:28:41 UTC 2025
README updated at Thu Jun  5 11:21:57 UTC 2025
README updated at Thu Jun  5 12:52:42 UTC 2025
README updated at Thu Jun  5 13:36:51 UTC 2025
README updated at Thu Jun  5 14:25:53 UTC 2025
README updated at Thu Jun  5 15:27:21 UTC 2025
README updated at Thu Jun  5 16:32:11 UTC 2025
README updated at Thu Jun  5 17:18:28 UTC 2025
README updated at Thu Jun  5 19:17:10 UTC 2025
README updated at Thu Jun  5 20:22:51 UTC 2025
README updated at Thu Jun  5 21:23:34 UTC 2025
README updated at Thu Jun  5 22:22:52 UTC 2025
README updated at Thu Jun  5 23:25:50 UTC 2025
README updated at Fri Jun  6 02:02:03 UTC 2025
README updated at Fri Jun  6 03:48:58 UTC 2025
README updated at Fri Jun  6 04:32:58 UTC 2025
README updated at Fri Jun  6 05:26:02 UTC 2025
README updated at Fri Jun  6 06:37:08 UTC 2025
README updated at Fri Jun  6 07:23:50 UTC 2025
README updated at Fri Jun  6 08:32:34 UTC 2025
README updated at Fri Jun  6 09:27:02 UTC 2025
README updated at Fri Jun  6 10:28:18 UTC 2025
README updated at Fri Jun  6 11:21:45 UTC 2025
README updated at Fri Jun  6 12:51:19 UTC 2025
README updated at Fri Jun  6 13:35:46 UTC 2025
README updated at Fri Jun  6 14:24:53 UTC 2025
README updated at Fri Jun  6 15:24:16 UTC 2025
README updated at Fri Jun  6 16:32:19 UTC 2025
